<?xml version="1.0" encoding="UTF-8"?>
<robot generator="Robot 6.1.1 (Python 3.12.0 on win32)" generated="20231103 21:20:57.979" rpa="false" schemaversion="4">
<suite id="s1" name="Lekcia 02" source="d:\IT learning\Robot Framework\Robot_Framework_exercises\Timotej Pap course Kitner\Lekcia_02\Lekcia_02.robot">
<test id="s1-t1" name="Skuska lok. premennej" line="41">
<kw name="Set Variable" library="BuiltIn">
<var>${meno}</var>
<arg>value</arg>
<doc>Returns the given values which can then be assigned to a variables.</doc>
<msg timestamp="20231103 21:20:58.377" level="INFO">${meno} = value</msg>
<status status="PASS" starttime="20231103 21:20:58.361" endtime="20231103 21:20:58.377"/>
</kw>
<kw name="Log To Console" library="BuiltIn">
<arg>${POZDRAV} ${meno}</arg>
<doc>Logs the given message to the console.</doc>
<status status="PASS" starttime="20231103 21:20:58.383" endtime="20231103 21:20:58.383"/>
</kw>
<status status="PASS" starttime="20231103 21:20:58.345" endtime="20231103 21:20:58.395"/>
</test>
<status status="PASS" starttime="20231103 21:20:58.212" endtime="20231103 21:20:58.429"/>
</suite>
<statistics>
<total>
<stat pass="1" fail="0" skip="0">All Tests</stat>
</total>
<tag>
</tag>
<suite>
<stat pass="1" fail="0" skip="0" id="s1" name="Lekcia 02">Lekcia 02</stat>
</suite>
</statistics>
<errors>
<msg timestamp="20231103 21:20:57.889" level="ERROR">Error in file 'd:\IT learning\Robot Framework\Robot_Framework_exercises\Timotej Pap course Kitner\Lekcia_02\Lekcia_02.robot' on line 7: Non-existing setting '"""'.</msg>
<msg timestamp="20231103 21:20:57.893" level="ERROR">Error in file 'd:\IT learning\Robot Framework\Robot_Framework_exercises\Timotej Pap course Kitner\Lekcia_02\Lekcia_02.robot' on line 8: Non-existing setting 'Je aj druha moznost'.</msg>
<msg timestamp="20231103 21:20:57.898" level="ERROR">Error in file 'd:\IT learning\Robot Framework\Robot_Framework_exercises\Timotej Pap course Kitner\Lekcia_02\Lekcia_02.robot' on line 9: Non-existing setting 'viacriadkoveho'.</msg>
<msg timestamp="20231103 21:20:57.902" level="ERROR">Error in file 'd:\IT learning\Robot Framework\Robot_Framework_exercises\Timotej Pap course Kitner\Lekcia_02\Lekcia_02.robot' on line 10: Non-existing setting 'komentara'.</msg>
<msg timestamp="20231103 21:20:57.905" level="ERROR">Error in file 'd:\IT learning\Robot Framework\Robot_Framework_exercises\Timotej Pap course Kitner\Lekcia_02\Lekcia_02.robot' on line 11: Non-existing setting '"""'.</msg>
</errors>
</robot>
